  [1m[35m (1.3ms)[0m  [1m[34mSELECT sqlite_version(*)[0m
  [1m[36mPatient Load (0.5ms)[0m  [1m[34mSELECT "patients".* FROM "patients"[0m
  [1m[35m (0.9ms)[0m  [1m[34mSELECT sqlite_version(*)[0m
  [1m[35m (1.8ms)[0m  [1m[35mCREATE TABLE "schema_migrations" ("version" varchar NOT NULL PRIMARY KEY)[0m
  [1m[35m (1.4ms)[0m  [1m[35mCREATE TABLE "ar_internal_metadata" ("key" varchar NOT NULL PRIMARY KEY, "value" varchar, "created_at" datetime(6) NOT NULL, "updated_at" datetime(6) NOT NULL)[0m
  [1m[35m (0.2ms)[0m  [1m[34mSELECT "schema_migrations"."version" FROM "schema_migrations" ORDER BY "schema_migrations"."version" ASC[0m
  [1m[35m (1.0ms)[0m  [1m[34mSELECT sqlite_version(*)[0m
  [1m[35m (0.1ms)[0m  [1m[34mSELECT "schema_migrations"."version" FROM "schema_migrations" ORDER BY "schema_migrations"."version" ASC[0m
Migrating to CreateDoctors (20191024100542)
  [1m[35m (0.1ms)[0m  [1m[36mbegin transaction[0m
  [1m[35m (0.7ms)[0m  [1m[35mCREATE TABLE "doctors" ("id" integer PRIMARY KEY AUTOINCREMENT NOT NULL, "first_name" varchar, "last_name" varchar, "speciality" varchar, "zip_code" varchar, "created_at" datetime(6) NOT NULL, "updated_at" datetime(6) NOT NULL)[0m
  [1m[36mprimary::SchemaMigration Create (0.2ms)[0m  [1m[32mINSERT INTO "schema_migrations" ("version") VALUES (?)[0m  [["version", "20191024100542"]]
  [1m[35m (1.4ms)[0m  [1m[36mcommit transaction[0m
Migrating to CreatePatients (20191024100614)
  [1m[35m (0.1ms)[0m  [1m[36mbegin transaction[0m
  [1m[35m (0.4ms)[0m  [1m[35mCREATE TABLE "patients" ("id" integer PRIMARY KEY AUTOINCREMENT NOT NULL, "first_name" varchar, "last_name" varchar, "created_at" datetime(6) NOT NULL, "updated_at" datetime(6) NOT NULL)[0m
  [1m[36mprimary::SchemaMigration Create (0.2ms)[0m  [1m[32mINSERT INTO "schema_migrations" ("version") VALUES (?)[0m  [["version", "20191024100614"]]
  [1m[35m (1.4ms)[0m  [1m[36mcommit transaction[0m
Migrating to CreateAppointments (20191024100709)
  [1m[35m (0.1ms)[0m  [1m[36mbegin transaction[0m
  [1m[35m (0.5ms)[0m  [1m[35mCREATE TABLE "appointments" ("id" integer PRIMARY KEY AUTOINCREMENT NOT NULL, "date" datetime, "doctor_id" integer, "patient_id" integer, "created_at" datetime(6) NOT NULL, "updated_at" datetime(6) NOT NULL)[0m
  [1m[35m (0.1ms)[0m  [1m[35mCREATE  INDEX "index_appointments_on_doctor_id" ON "appointments" ("doctor_id")[0m
  [1m[35m (0.1ms)[0m  [1m[35mCREATE  INDEX "index_appointments_on_patient_id" ON "appointments" ("patient_id")[0m
  [1m[36mprimary::SchemaMigration Create (0.1ms)[0m  [1m[32mINSERT INTO "schema_migrations" ("version") VALUES (?)[0m  [["version", "20191024100709"]]
  [1m[35m (1.4ms)[0m  [1m[36mcommit transaction[0m
Migrating to CreateCities (20191024140950)
  [1m[35m (0.1ms)[0m  [1m[36mbegin transaction[0m
  [1m[35m (0.5ms)[0m  [1m[35mCREATE TABLE "cities" ("id" integer PRIMARY KEY AUTOINCREMENT NOT NULL, "name" varchar, "created_at" datetime(6) NOT NULL, "updated_at" datetime(6) NOT NULL)[0m
  [1m[36mprimary::SchemaMigration Create (0.2ms)[0m  [1m[32mINSERT INTO "schema_migrations" ("version") VALUES (?)[0m  [["version", "20191024140950"]]
  [1m[35m (1.0ms)[0m  [1m[36mcommit transaction[0m
  [1m[36mActiveRecord::InternalMetadata Load (0.4ms)[0m  [1m[34mSELECT "ar_internal_metadata".* FROM "ar_internal_metadata" WHERE "ar_internal_metadata"."key" = ? LIMIT ?[0m  [["key", "environment"], ["LIMIT", 1]]
  [1m[35m (0.1ms)[0m  [1m[36mbegin transaction[0m
  [1m[36mActiveRecord::InternalMetadata Create (0.5ms)[0m  [1m[32mINSERT INTO "ar_internal_metadata" ("key", "value", "created_at", "updated_at") VALUES (?, ?, ?, ?)[0m  [["key", "environment"], ["value", "development"], ["created_at", "2019-10-24 15:40:23.291325"], ["updated_at", "2019-10-24 15:40:23.291325"]]
  [1m[35m (1.1ms)[0m  [1m[36mcommit transaction[0m
  [1m[35m (0.1ms)[0m  [1m[34mSELECT sqlite_version(*)[0m
  [1m[35m (0.2ms)[0m  [1m[34mSELECT "schema_migrations"."version" FROM "schema_migrations" ORDER BY "schema_migrations"."version" ASC[0m
  [1m[35m (0.9ms)[0m  [1m[34mSELECT sqlite_version(*)[0m
  [1m[36mPatient Load (0.2ms)[0m  [1m[34mSELECT "patients".* FROM "patients"[0m
  [1m[36mPatient Load (0.5ms)[0m  [1m[34mSELECT "patients".* FROM "patients"[0m
  [1m[36mDoctor Load (0.2ms)[0m  [1m[34mSELECT "doctors".* FROM "doctors"[0m
  [1m[36mPatient Load (0.5ms)[0m  [1m[34mSELECT "patients".* FROM "patients"[0m
  [1m[35m (2.1ms)[0m  [1m[34mSELECT sqlite_version(*)[0m
  [1m[35m (0.2ms)[0m  [1m[34mSELECT "schema_migrations"."version" FROM "schema_migrations" ORDER BY "schema_migrations"."version" ASC[0m
  [1m[35m (0.1ms)[0m  [1m[34mSELECT sqlite_version(*)[0m
  [1m[35m (0.1ms)[0m  [1m[36mbegin transaction[0m
  [1m[36mDoctor Create (0.4ms)[0m  [1m[32mINSERT INTO "doctors" ("first_name", "last_name", "speciality", "zip_code", "created_at", "updated_at") VALUES (?, ?, ?, ?, ?, ?)[0m  [["first_name", "Tomoko"], ["last_name", "Murazik"], ["speciality", "Nissan"], ["zip_code", "15028-1366"], ["created_at", "2019-10-24 15:41:58.972028"], ["updated_at", "2019-10-24 15:41:58.972028"]]
  [1m[35m (1.0ms)[0m  [1m[36mcommit transaction[0m
  [1m[35m (0.1ms)[0m  [1m[36mbegin transaction[0m
  [1m[36mPatient Create (0.5ms)[0m  [1m[32mINSERT INTO "patients" ("first_name", "last_name", "created_at", "updated_at") VALUES (?, ?, ?, ?)[0m  [["first_name", "Jannie"], ["last_name", "Huels"], ["created_at", "2019-10-24 15:41:58.988503"], ["updated_at", "2019-10-24 15:41:58.988503"]]
  [1m[35m (1.0ms)[0m  [1m[36mcommit transaction[0m
  [1m[36mDoctor Load (0.2ms)[0m  [1m[34mSELECT "doctors".* FROM "doctors"[0m
  [1m[36mPatient Load (0.2ms)[0m  [1m[34mSELECT "patients".* FROM "patients"[0m
  [1m[35m (0.1ms)[0m  [1m[36mbegin transaction[0m
  [1m[36mAppointment Create (2.8ms)[0m  [1m[32mINSERT INTO "appointments" ("date", "doctor_id", "patient_id", "created_at", "updated_at") VALUES (?, ?, ?, ?, ?)[0m  [["date", "2019-02-07 00:00:00"], ["doctor_id", 1], ["patient_id", 1], ["created_at", "2019-10-24 15:41:59.012456"], ["updated_at", "2019-10-24 15:41:59.012456"]]
  [1m[35m (1.0ms)[0m  [1m[36mcommit transaction[0m
  [1m[35m (0.1ms)[0m  [1m[36mbegin transaction[0m
  [1m[36mDoctor Create (0.4ms)[0m  [1m[32mINSERT INTO "doctors" ("first_name", "last_name", "speciality", "zip_code", "created_at", "updated_at") VALUES (?, ?, ?, ?, ?, ?)[0m  [["first_name", "Cruz"], ["last_name", "Lynch"], ["speciality", "Audi"], ["zip_code", "72844-5157"], ["created_at", "2019-10-24 15:41:59.022370"], ["updated_at", "2019-10-24 15:41:59.022370"]]
  [1m[35m (1.1ms)[0m  [1m[36mcommit transaction[0m
  [1m[35m (0.1ms)[0m  [1m[36mbegin transaction[0m
  [1m[36mPatient Create (0.4ms)[0m  [1m[32mINSERT INTO "patients" ("first_name", "last_name", "created_at", "updated_at") VALUES (?, ?, ?, ?)[0m  [["first_name", "Man"], ["last_name", "Nienow"], ["created_at", "2019-10-24 15:41:59.028896"], ["updated_at", "2019-10-24 15:41:59.028896"]]
  [1m[35m (1.7ms)[0m  [1m[36mcommit transaction[0m
  [1m[36mDoctor Load (0.1ms)[0m  [1m[34mSELECT "doctors".* FROM "doctors"[0m
  [1m[36mPatient Load (0.1ms)[0m  [1m[34mSELECT "patients".* FROM "patients"[0m
  [1m[35m (0.1ms)[0m  [1m[36mbegin transaction[0m
  [1m[36mAppointment Create (0.5ms)[0m  [1m[32mINSERT INTO "appointments" ("date", "doctor_id", "patient_id", "created_at", "updated_at") VALUES (?, ?, ?, ?, ?)[0m  [["date", "2019-02-14 00:00:00"], ["doctor_id", 1], ["patient_id", 1], ["created_at", "2019-10-24 15:41:59.039858"], ["updated_at", "2019-10-24 15:41:59.039858"]]
  [1m[35m (1.0ms)[0m  [1m[36mcommit transaction[0m
  [1m[35m (0.1ms)[0m  [1m[36mbegin transaction[0m
  [1m[36mDoctor Create (0.5ms)[0m  [1m[32mINSERT INTO "doctors" ("first_name", "last_name", "speciality", "zip_code", "created_at", "updated_at") VALUES (?, ?, ?, ?, ?, ?)[0m  [["first_name", "Nathanael"], ["last_name", "Donnelly"], ["speciality", "Lincoln"], ["zip_code", "22007-4530"], ["created_at", "2019-10-24 15:41:59.048588"], ["updated_at", "2019-10-24 15:41:59.048588"]]
  [1m[35m (0.9ms)[0m  [1m[36mcommit transaction[0m
  [1m[35m (0.1ms)[0m  [1m[36mbegin transaction[0m
  [1m[36mPatient Create (0.5ms)[0m  [1m[32mINSERT INTO "patients" ("first_name", "last_name", "created_at", "updated_at") VALUES (?, ?, ?, ?)[0m  [["first_name", "Thaddeus"], ["last_name", "Dibbert"], ["created_at", "2019-10-24 15:41:59.058493"], ["updated_at", "2019-10-24 15:41:59.058493"]]
  [1m[35m (1.2ms)[0m  [1m[36mcommit transaction[0m
  [1m[36mDoctor Load (0.2ms)[0m  [1m[34mSELECT "doctors".* FROM "doctors"[0m
  [1m[36mPatient Load (0.1ms)[0m  [1m[34mSELECT "patients".* FROM "patients"[0m
  [1m[35m (0.1ms)[0m  [1m[36mbegin transaction[0m
  [1m[36mAppointment Create (1.1ms)[0m  [1m[32mINSERT INTO "appointments" ("date", "doctor_id", "patient_id", "created_at", "updated_at") VALUES (?, ?, ?, ?, ?)[0m  [["date", "2019-02-21 00:00:00"], ["doctor_id", 3], ["patient_id", 3], ["created_at", "2019-10-24 15:41:59.067975"], ["updated_at", "2019-10-24 15:41:59.067975"]]
  [1m[35m (1.3ms)[0m  [1m[36mcommit transaction[0m
  [1m[35m (0.1ms)[0m  [1m[36mbegin transaction[0m
  [1m[36mDoctor Create (0.5ms)[0m  [1m[32mINSERT INTO "doctors" ("first_name", "last_name", "speciality", "zip_code", "created_at", "updated_at") VALUES (?, ?, ?, ?, ?, ?)[0m  [["first_name", "Bart"], ["last_name", "Skiles"], ["speciality", "BMW"], ["zip_code", "65835"], ["created_at", "2019-10-24 15:41:59.076602"], ["updated_at", "2019-10-24 15:41:59.076602"]]
  [1m[35m (1.7ms)[0m  [1m[36mcommit transaction[0m
  [1m[35m (0.1ms)[0m  [1m[36mbegin transaction[0m
  [1m[36mPatient Create (0.8ms)[0m  [1m[32mINSERT INTO "patients" ("first_name", "last_name", "created_at", "updated_at") VALUES (?, ?, ?, ?)[0m  [["first_name", "Kylee"], ["last_name", "Johnston"], ["created_at", "2019-10-24 15:41:59.084410"], ["updated_at", "2019-10-24 15:41:59.084410"]]
  [1m[35m (8.4ms)[0m  [1m[36mcommit transaction[0m
  [1m[36mDoctor Load (0.2ms)[0m  [1m[34mSELECT "doctors".* FROM "doctors"[0m
  [1m[36mPatient Load (0.1ms)[0m  [1m[34mSELECT "patients".* FROM "patients"[0m
  [1m[35m (0.1ms)[0m  [1m[36mbegin transaction[0m
  [1m[36mAppointment Create (4.0ms)[0m  [1m[32mINSERT INTO "appointments" ("date", "doctor_id", "patient_id", "created_at", "updated_at") VALUES (?, ?, ?, ?, ?)[0m  [["date", "2019-02-20 00:00:00"], ["doctor_id", 3], ["patient_id", 4], ["created_at", "2019-10-24 15:41:59.103967"], ["updated_at", "2019-10-24 15:41:59.103967"]]
  [1m[35m (0.9ms)[0m  [1m[36mcommit transaction[0m
  [1m[35m (0.1ms)[0m  [1m[36mbegin transaction[0m
  [1m[36mDoctor Create (0.6ms)[0m  [1m[32mINSERT INTO "doctors" ("first_name", "last_name", "speciality", "zip_code", "created_at", "updated_at") VALUES (?, ?, ?, ?, ?, ?)[0m  [["first_name", "Sam"], ["last_name", "Schaefer"], ["speciality", "BMW"], ["zip_code", "49471-9043"], ["created_at", "2019-10-24 15:41:59.120522"], ["updated_at", "2019-10-24 15:41:59.120522"]]
  [1m[35m (1.0ms)[0m  [1m[36mcommit transaction[0m
  [1m[35m (0.1ms)[0m  [1m[36mbegin transaction[0m
  [1m[36mPatient Create (0.5ms)[0m  [1m[32mINSERT INTO "patients" ("first_name", "last_name", "created_at", "updated_at") VALUES (?, ?, ?, ?)[0m  [["first_name", "Shantell"], ["last_name", "Zemlak"], ["created_at", "2019-10-24 15:41:59.148098"], ["updated_at", "2019-10-24 15:41:59.148098"]]
  [1m[35m (1.2ms)[0m  [1m[36mcommit transaction[0m
  [1m[36mDoctor Load (0.1ms)[0m  [1m[34mSELECT "doctors".* FROM "doctors"[0m
  [1m[36mPatient Load (0.2ms)[0m  [1m[34mSELECT "patients".* FROM "patients"[0m
  [1m[35m (0.1ms)[0m  [1m[36mbegin transaction[0m
  [1m[36mAppointment Create (0.5ms)[0m  [1m[32mINSERT INTO "appointments" ("date", "doctor_id", "patient_id", "created_at", "updated_at") VALUES (?, ?, ?, ?, ?)[0m  [["date", "2019-02-18 00:00:00"], ["doctor_id", 3], ["patient_id", 1], ["created_at", "2019-10-24 15:41:59.159316"], ["updated_at", "2019-10-24 15:41:59.159316"]]
  [1m[35m (1.1ms)[0m  [1m[36mcommit transaction[0m
  [1m[35m (0.1ms)[0m  [1m[36mbegin transaction[0m
  [1m[36mDoctor Create (0.5ms)[0m  [1m[32mINSERT INTO "doctors" ("first_name", "last_name", "speciality", "zip_code", "created_at", "updated_at") VALUES (?, ?, ?, ?, ?, ?)[0m  [["first_name", "Kenneth"], ["last_name", "Stehr"], ["speciality", "Dodge"], ["zip_code", "52813"], ["created_at", "2019-10-24 15:41:59.167161"], ["updated_at", "2019-10-24 15:41:59.167161"]]
  [1m[35m (1.0ms)[0m  [1m[36mcommit transaction[0m
  [1m[35m (0.1ms)[0m  [1m[36mbegin transaction[0m
  [1m[36mPatient Create (0.5ms)[0m  [1m[32mINSERT INTO "patients" ("first_name", "last_name", "created_at", "updated_at") VALUES (?, ?, ?, ?)[0m  [["first_name", "Bo"], ["last_name", "Rice"], ["created_at", "2019-10-24 15:41:59.174320"], ["updated_at", "2019-10-24 15:41:59.174320"]]
  [1m[35m (1.1ms)[0m  [1m[36mcommit transaction[0m
  [1m[36mDoctor Load (0.2ms)[0m  [1m[34mSELECT "doctors".* FROM "doctors"[0m
  [1m[36mPatient Load (0.2ms)[0m  [1m[34mSELECT "patients".* FROM "patients"[0m
  [1m[35m (0.1ms)[0m  [1m[36mbegin transaction[0m
  [1m[36mAppointment Create (0.5ms)[0m  [1m[32mINSERT INTO "appointments" ("date", "doctor_id", "patient_id", "created_at", "updated_at") VALUES (?, ?, ?, ?, ?)[0m  [["date", "2019-02-15 00:00:00"], ["doctor_id", 1], ["patient_id", 4], ["created_at", "2019-10-24 15:41:59.189714"], ["updated_at", "2019-10-24 15:41:59.189714"]]
  [1m[35m (2.7ms)[0m  [1m[36mcommit transaction[0m
  [1m[35m (0.1ms)[0m  [1m[36mbegin transaction[0m
  [1m[36mDoctor Create (2.6ms)[0m  [1m[32mINSERT INTO "doctors" ("first_name", "last_name", "speciality", "zip_code", "created_at", "updated_at") VALUES (?, ?, ?, ?, ?, ?)[0m  [["first_name", "Loren"], ["last_name", "Gleichner"], ["speciality", "Audi"], ["zip_code", "53734"], ["created_at", "2019-10-24 15:41:59.201848"], ["updated_at", "2019-10-24 15:41:59.201848"]]
  [1m[35m (1.0ms)[0m  [1m[36mcommit transaction[0m
  [1m[35m (0.1ms)[0m  [1m[36mbegin transaction[0m
  [1m[36mPatient Create (2.1ms)[0m  [1m[32mINSERT INTO "patients" ("first_name", "last_name", "created_at", "updated_at") VALUES (?, ?, ?, ?)[0m  [["first_name", "Adela"], ["last_name", "Feil"], ["created_at", "2019-10-24 15:41:59.211818"], ["updated_at", "2019-10-24 15:41:59.211818"]]
  [1m[35m (2.3ms)[0m  [1m[36mcommit transaction[0m
  [1m[36mDoctor Load (0.2ms)[0m  [1m[34mSELECT "doctors".* FROM "doctors"[0m
  [1m[36mPatient Load (0.2ms)[0m  [1m[34mSELECT "patients".* FROM "patients"[0m
  [1m[35m (0.1ms)[0m  [1m[36mbegin transaction[0m
  [1m[36mAppointment Create (0.6ms)[0m  [1m[32mINSERT INTO "appointments" ("date", "doctor_id", "patient_id", "created_at", "updated_at") VALUES (?, ?, ?, ?, ?)[0m  [["date", "2019-02-19 00:00:00"], ["doctor_id", 7], ["patient_id", 5], ["created_at", "2019-10-24 15:41:59.225588"], ["updated_at", "2019-10-24 15:41:59.225588"]]
  [1m[35m (1.0ms)[0m  [1m[36mcommit transaction[0m
  [1m[35m (0.1ms)[0m  [1m[36mbegin transaction[0m
  [1m[36mDoctor Create (0.5ms)[0m  [1m[32mINSERT INTO "doctors" ("first_name", "last_name", "speciality", "zip_code", "created_at", "updated_at") VALUES (?, ?, ?, ?, ?, ?)[0m  [["first_name", "Alice"], ["last_name", "Prosacco"], ["speciality", "BMW"], ["zip_code", "01387-5236"], ["created_at", "2019-10-24 15:41:59.234390"], ["updated_at", "2019-10-24 15:41:59.234390"]]
  [1m[35m (2.2ms)[0m  [1m[36mcommit transaction[0m
  [1m[35m (0.1ms)[0m  [1m[36mbegin transaction[0m
  [1m[36mPatient Create (0.5ms)[0m  [1m[32mINSERT INTO "patients" ("first_name", "last_name", "created_at", "updated_at") VALUES (?, ?, ?, ?)[0m  [["first_name", "Deandre"], ["last_name", "D'Amore"], ["created_at", "2019-10-24 15:41:59.243678"], ["updated_at", "2019-10-24 15:41:59.243678"]]
  [1m[35m (1.2ms)[0m  [1m[36mcommit transaction[0m
  [1m[36mDoctor Load (0.2ms)[0m  [1m[34mSELECT "doctors".* FROM "doctors"[0m
  [1m[36mPatient Load (0.2ms)[0m  [1m[34mSELECT "patients".* FROM "patients"[0m
  [1m[35m (0.1ms)[0m  [1m[36mbegin transaction[0m
  [1m[36mAppointment Create (0.6ms)[0m  [1m[32mINSERT INTO "appointments" ("date", "doctor_id", "patient_id", "created_at", "updated_at") VALUES (?, ?, ?, ?, ?)[0m  [["date", "2019-02-10 00:00:00"], ["doctor_id", 3], ["patient_id", 1], ["created_at", "2019-10-24 15:41:59.254645"], ["updated_at", "2019-10-24 15:41:59.254645"]]
  [1m[35m (1.3ms)[0m  [1m[36mcommit transaction[0m
  [1m[35m (0.1ms)[0m  [1m[36mbegin transaction[0m
  [1m[36mDoctor Create (0.5ms)[0m  [1m[32mINSERT INTO "doctors" ("first_name", "last_name", "speciality", "zip_code", "created_at", "updated_at") VALUES (?, ?, ?, ?, ?, ?)[0m  [["first_name", "Linsey"], ["last_name", "Pouros"], ["speciality", "Chevy"], ["zip_code", "27895"], ["created_at", "2019-10-24 15:41:59.262247"], ["updated_at", "2019-10-24 15:41:59.262247"]]
  [1m[35m (1.6ms)[0m  [1m[36mcommit transaction[0m
  [1m[35m (0.1ms)[0m  [1m[36mbegin transaction[0m
  [1m[36mPatient Create (0.9ms)[0m  [1m[32mINSERT INTO "patients" ("first_name", "last_name", "created_at", "updated_at") VALUES (?, ?, ?, ?)[0m  [["first_name", "Benedict"], ["last_name", "Huels"], ["created_at", "2019-10-24 15:41:59.270061"], ["updated_at", "2019-10-24 15:41:59.270061"]]
  [1m[35m (1.2ms)[0m  [1m[36mcommit transaction[0m
  [1m[36mDoctor Load (0.2ms)[0m  [1m[34mSELECT "doctors".* FROM "doctors"[0m
  [1m[36mPatient Load (0.2ms)[0m  [1m[34mSELECT "patients".* FROM "patients"[0m
  [1m[35m (0.1ms)[0m  [1m[36mbegin transaction[0m
  [1m[36mAppointment Create (0.6ms)[0m  [1m[32mINSERT INTO "appointments" ("date", "doctor_id", "patient_id", "created_at", "updated_at") VALUES (?, ?, ?, ?, ?)[0m  [["date", "2019-02-26 00:00:00"], ["doctor_id", 9], ["patient_id", 5], ["created_at", "2019-10-24 15:41:59.281355"], ["updated_at", "2019-10-24 15:41:59.281355"]]
  [1m[35m (1.2ms)[0m  [1m[36mcommit transaction[0m
  [1m[35m (0.1ms)[0m  [1m[36mbegin transaction[0m
  [1m[36mDoctor Create (0.7ms)[0m  [1m[32mINSERT INTO "doctors" ("first_name", "last_name", "speciality", "zip_code", "created_at", "updated_at") VALUES (?, ?, ?, ?, ?, ?)[0m  [["first_name", "Maurice"], ["last_name", "Lueilwitz"], ["speciality", "Dodge"], ["zip_code", "02874"], ["created_at", "2019-10-24 15:41:59.288781"], ["updated_at", "2019-10-24 15:41:59.288781"]]
  [1m[35m (1.5ms)[0m  [1m[36mcommit transaction[0m
  [1m[35m (0.1ms)[0m  [1m[36mbegin transaction[0m
  [1m[36mPatient Create (3.1ms)[0m  [1m[32mINSERT INTO "patients" ("first_name", "last_name", "created_at", "updated_at") VALUES (?, ?, ?, ?)[0m  [["first_name", "Judson"], ["last_name", "Crona"], ["created_at", "2019-10-24 15:41:59.312933"], ["updated_at", "2019-10-24 15:41:59.312933"]]
  [1m[35m (42.6ms)[0m  [1m[36mcommit transaction[0m
  [1m[36mDoctor Load (0.3ms)[0m  [1m[34mSELECT "doctors".* FROM "doctors"[0m
  [1m[36mPatient Load (0.2ms)[0m  [1m[34mSELECT "patients".* FROM "patients"[0m
  [1m[35m (0.1ms)[0m  [1m[36mbegin transaction[0m
  [1m[36mAppointment Create (0.5ms)[0m  [1m[32mINSERT INTO "appointments" ("date", "doctor_id", "patient_id", "created_at", "updated_at") VALUES (?, ?, ?, ?, ?)[0m  [["date", "2019-02-17 00:00:00"], ["doctor_id", 7], ["patient_id", 2], ["created_at", "2019-10-24 15:41:59.371871"], ["updated_at", "2019-10-24 15:41:59.371871"]]
  [1m[35m (1.4ms)[0m  [1m[36mcommit transaction[0m
  [1m[35m (1.9ms)[0m  [1m[34mSELECT sqlite_version(*)[0m
  [1m[35m (0.9ms)[0m  [1m[34mSELECT "schema_migrations"."version" FROM "schema_migrations" ORDER BY "schema_migrations"."version" ASC[0m
  [1m[35m (0.1ms)[0m  [1m[34mSELECT sqlite_version(*)[0m
  [1m[35m (0.1ms)[0m  [1m[36mbegin transaction[0m
  [1m[36mDoctor Create (2.1ms)[0m  [1m[32mINSERT INTO "doctors" ("first_name", "last_name", "speciality", "zip_code", "created_at", "updated_at") VALUES (?, ?, ?, ?, ?, ?)[0m  [["first_name", "Lawanna"], ["last_name", "McKenzie"], ["speciality", "Chevy"], ["zip_code", "57328"], ["created_at", "2019-10-24 15:42:26.793527"], ["updated_at", "2019-10-24 15:42:26.793527"]]
  [1m[35m (1.4ms)[0m  [1m[36mcommit transaction[0m
  [1m[35m (0.1ms)[0m  [1m[36mbegin transaction[0m
  [1m[36mPatient Create (1.2ms)[0m  [1m[32mINSERT INTO "patients" ("first_name", "last_name", "created_at", "updated_at") VALUES (?, ?, ?, ?)[0m  [["first_name", "Jerald"], ["last_name", "Bins"], ["created_at", "2019-10-24 15:42:26.810587"], ["updated_at", "2019-10-24 15:42:26.810587"]]
  [1m[35m (1.2ms)[0m  [1m[36mcommit transaction[0m
  [1m[36mDoctor Load (0.2ms)[0m  [1m[34mSELECT "doctors".* FROM "doctors"[0m
  [1m[36mPatient Load (0.3ms)[0m  [1m[34mSELECT "patients".* FROM "patients"[0m
  [1m[35m (0.1ms)[0m  [1m[36mbegin transaction[0m
  [1m[36mAppointment Create (1.5ms)[0m  [1m[32mINSERT INTO "appointments" ("date", "doctor_id", "patient_id", "created_at", "updated_at") VALUES (?, ?, ?, ?, ?)[0m  [["date", "2019-02-12 00:00:00"], ["doctor_id", 2], ["patient_id", 1], ["created_at", "2019-10-24 15:42:26.837198"], ["updated_at", "2019-10-24 15:42:26.837198"]]
  [1m[35m (1.0ms)[0m  [1m[36mcommit transaction[0m
  [1m[35m (0.1ms)[0m  [1m[36mbegin transaction[0m
  [1m[36mDoctor Create (0.6ms)[0m  [1m[32mINSERT INTO "doctors" ("first_name", "last_name", "speciality", "zip_code", "created_at", "updated_at") VALUES (?, ?, ?, ?, ?, ?)[0m  [["first_name", "Guadalupe"], ["last_name", "Welch"], ["speciality", "Toyota"], ["zip_code", "62704-4607"], ["created_at", "2019-10-24 15:42:26.844673"], ["updated_at", "2019-10-24 15:42:26.844673"]]
  [1m[35m (2.3ms)[0m  [1m[36mcommit transaction[0m
  [1m[35m (0.1ms)[0m  [1m[36mbegin transaction[0m
  [1m[36mPatient Create (0.6ms)[0m  [1m[32mINSERT INTO "patients" ("first_name", "last_name", "created_at", "updated_at") VALUES (?, ?, ?, ?)[0m  [["first_name", "Han"], ["last_name", "Runte"], ["created_at", "2019-10-24 15:42:26.854086"], ["updated_at", "2019-10-24 15:42:26.854086"]]
  [1m[35m (1.4ms)[0m  [1m[36mcommit transaction[0m
  [1m[36mDoctor Load (0.3ms)[0m  [1m[34mSELECT "doctors".* FROM "doctors"[0m
  [1m[36mPatient Load (0.2ms)[0m  [1m[34mSELECT "patients".* FROM "patients"[0m
  [1m[35m (0.1ms)[0m  [1m[36mbegin transaction[0m
  [1m[36mAppointment Create (0.6ms)[0m  [1m[32mINSERT INTO "appointments" ("date", "doctor_id", "patient_id", "created_at", "updated_at") VALUES (?, ?, ?, ?, ?)[0m  [["date", "2019-02-24 00:00:00"], ["doctor_id", 1], ["patient_id", 8], ["created_at", "2019-10-24 15:42:26.865852"], ["updated_at", "2019-10-24 15:42:26.865852"]]
  [1m[35m (1.2ms)[0m  [1m[36mcommit transaction[0m
  [1m[35m (0.1ms)[0m  [1m[36mbegin transaction[0m
  [1m[36mDoctor Create (0.6ms)[0m  [1m[32mINSERT INTO "doctors" ("first_name", "last_name", "speciality", "zip_code", "created_at", "updated_at") VALUES (?, ?, ?, ?, ?, ?)[0m  [["first_name", "Sterling"], ["last_name", "Reichel"], ["speciality", "Ford"], ["zip_code", "17289"], ["created_at", "2019-10-24 15:42:26.873539"], ["updated_at", "2019-10-24 15:42:26.873539"]]
  [1m[35m (0.8ms)[0m  [1m[36mcommit transaction[0m
  [1m[35m (0.1ms)[0m  [1m[36mbegin transaction[0m
  [1m[36mPatient Create (0.6ms)[0m  [1m[32mINSERT INTO "patients" ("first_name", "last_name", "created_at", "updated_at") VALUES (?, ?, ?, ?)[0m  [["first_name", "Shaunda"], ["last_name", "Collier"], ["created_at", "2019-10-24 15:42:26.880371"], ["updated_at", "2019-10-24 15:42:26.880371"]]
  [1m[35m (1.0ms)[0m  [1m[36mcommit transaction[0m
  [1m[36mDoctor Load (0.3ms)[0m  [1m[34mSELECT "doctors".* FROM "doctors"[0m
  [1m[36mPatient Load (0.3ms)[0m  [1m[34mSELECT "patients".* FROM "patients"[0m
  [1m[35m (0.1ms)[0m  [1m[36mbegin transaction[0m
  [1m[36mAppointment Create (0.6ms)[0m  [1m[32mINSERT INTO "appointments" ("date", "doctor_id", "patient_id", "created_at", "updated_at") VALUES (?, ?, ?, ?, ?)[0m  [["date", "2019-02-28 00:00:00"], ["doctor_id", 8], ["patient_id", 5], ["created_at", "2019-10-24 15:42:26.894506"], ["updated_at", "2019-10-24 15:42:26.894506"]]
  [1m[35m (1.0ms)[0m  [1m[36mcommit transaction[0m
  [1m[35m (0.1ms)[0m  [1m[36mbegin transaction[0m
  [1m[36mDoctor Create (0.5ms)[0m  [1m[32mINSERT INTO "doctors" ("first_name", "last_name", "speciality", "zip_code", "created_at", "updated_at") VALUES (?, ?, ?, ?, ?, ?)[0m  [["first_name", "Sylvester"], ["last_name", "Ullrich"], ["speciality", "Honda"], ["zip_code", "82677"], ["created_at", "2019-10-24 15:42:26.902320"], ["updated_at", "2019-10-24 15:42:26.902320"]]
  [1m[35m (4.9ms)[0m  [1m[36mcommit transaction[0m
  [1m[35m (0.1ms)[0m  [1m[36mbegin transaction[0m
  [1m[36mPatient Create (0.4ms)[0m  [1m[32mINSERT INTO "patients" ("first_name", "last_name", "created_at", "updated_at") VALUES (?, ?, ?, ?)[0m  [["first_name", "Coleman"], ["last_name", "Kub"], ["created_at", "2019-10-24 15:42:26.915169"], ["updated_at", "2019-10-24 15:42:26.915169"]]
  [1m[35m (1.0ms)[0m  [1m[36mcommit transaction[0m
  [1m[36mDoctor Load (0.2ms)[0m  [1m[34mSELECT "doctors".* FROM "doctors"[0m
  [1m[36mPatient Load (0.2ms)[0m  [1m[34mSELECT "patients".* FROM "patients"[0m
  [1m[35m (0.1ms)[0m  [1m[36mbegin transaction[0m
  [1m[36mAppointment Create (0.6ms)[0m  [1m[32mINSERT INTO "appointments" ("date", "doctor_id", "patient_id", "created_at", "updated_at") VALUES (?, ?, ?, ?, ?)[0m  [["date", "2019-02-18 00:00:00"], ["doctor_id", 7], ["patient_id", 3], ["created_at", "2019-10-24 15:42:26.930753"], ["updated_at", "2019-10-24 15:42:26.930753"]]
  [1m[35m (1.1ms)[0m  [1m[36mcommit transaction[0m
  [1m[35m (0.1ms)[0m  [1m[36mbegin transaction[0m
  [1m[36mDoctor Create (0.9ms)[0m  [1m[32mINSERT INTO "doctors" ("first_name", "last_name", "speciality", "zip_code", "created_at", "updated_at") VALUES (?, ?, ?, ?, ?, ?)[0m  [["first_name", "Marshall"], ["last_name", "Rohan"], ["speciality", "Chevy"], ["zip_code", "19977"], ["created_at", "2019-10-24 15:42:26.939759"], ["updated_at", "2019-10-24 15:42:26.939759"]]
  [1m[35m (1.1ms)[0m  [1m[36mcommit transaction[0m
  [1m[35m (0.1ms)[0m  [1m[36mbegin transaction[0m
  [1m[36mPatient Create (0.6ms)[0m  [1m[32mINSERT INTO "patients" ("first_name", "last_name", "created_at", "updated_at") VALUES (?, ?, ?, ?)[0m  [["first_name", "Carlota"], ["last_name", "Bosco"], ["created_at", "2019-10-24 15:42:26.948003"], ["updated_at", "2019-10-24 15:42:26.948003"]]
  [1m[35m (4.6ms)[0m  [1m[36mcommit transaction[0m
  [1m[36mDoctor Load (0.3ms)[0m  [1m[34mSELECT "doctors".* FROM "doctors"[0m
  [1m[36mPatient Load (0.2ms)[0m  [1m[34mSELECT "patients".* FROM "patients"[0m
  [1m[35m (0.1ms)[0m  [1m[36mbegin transaction[0m
  [1m[36mAppointment Create (0.8ms)[0m  [1m[32mINSERT INTO "appointments" ("date", "doctor_id", "patient_id", "created_at", "updated_at") VALUES (?, ?, ?, ?, ?)[0m  [["date", "2019-02-15 00:00:00"], ["doctor_id", 11], ["patient_id", 5], ["created_at", "2019-10-24 15:42:26.963608"], ["updated_at", "2019-10-24 15:42:26.963608"]]
  [1m[35m (1.5ms)[0m  [1m[36mcommit transaction[0m
  [1m[35m (0.1ms)[0m  [1m[36mbegin transaction[0m
  [1m[36mDoctor Create (0.6ms)[0m  [1m[32mINSERT INTO "doctors" ("first_name", "last_name", "speciality", "zip_code", "created_at", "updated_at") VALUES (?, ?, ?, ?, ?, ?)[0m  [["first_name", "Lilian"], ["last_name", "Emard"], ["speciality", "Buick"], ["zip_code", "58467-2351"], ["created_at", "2019-10-24 15:42:26.971927"], ["updated_at", "2019-10-24 15:42:26.971927"]]
  [1m[35m (1.1ms)[0m  [1m[36mcommit transaction[0m
  [1m[35m (0.1ms)[0m  [1m[36mbegin transaction[0m
  [1m[36mPatient Create (0.6ms)[0m  [1m[32mINSERT INTO "patients" ("first_name", "last_name", "created_at", "updated_at") VALUES (?, ?, ?, ?)[0m  [["first_name", "Blake"], ["last_name", "McClure"], ["created_at", "2019-10-24 15:42:26.982404"], ["updated_at", "2019-10-24 15:42:26.982404"]]
  [1m[35m (1.2ms)[0m  [1m[36mcommit transaction[0m
  [1m[36mDoctor Load (0.3ms)[0m  [1m[34mSELECT "doctors".* FROM "doctors"[0m
  [1m[36mPatient Load (0.2ms)[0m  [1m[34mSELECT "patients".* FROM "patients"[0m
  [1m[35m (0.1ms)[0m  [1m[36mbegin transaction[0m
  [1m[36mAppointment Create (0.6ms)[0m  [1m[32mINSERT INTO "appointments" ("date", "doctor_id", "patient_id", "created_at", "updated_at") VALUES (?, ?, ?, ?, ?)[0m  [["date", "2019-02-18 00:00:00"], ["doctor_id", 7], ["patient_id", 5], ["created_at", "2019-10-24 15:42:26.997102"], ["updated_at", "2019-10-24 15:42:26.997102"]]
  [1m[35m (1.0ms)[0m  [1m[36mcommit transaction[0m
  [1m[35m (0.1ms)[0m  [1m[36mbegin transaction[0m
  [1m[36mDoctor Create (0.4ms)[0m  [1m[32mINSERT INTO "doctors" ("first_name", "last_name", "speciality", "zip_code", "created_at", "updated_at") VALUES (?, ?, ?, ?, ?, ?)[0m  [["first_name", "Johnny"], ["last_name", "Willms"], ["speciality", "Dodge"], ["zip_code", "99245-7040"], ["created_at", "2019-10-24 15:42:27.005068"], ["updated_at", "2019-10-24 15:42:27.005068"]]
  [1m[35m (1.0ms)[0m  [1m[36mcommit transaction[0m
  [1m[35m (0.1ms)[0m  [1m[36mbegin transaction[0m
  [1m[36mPatient Create (0.6ms)[0m  [1m[32mINSERT INTO "patients" ("first_name", "last_name", "created_at", "updated_at") VALUES (?, ?, ?, ?)[0m  [["first_name", "Rickie"], ["last_name", "Schmitt"], ["created_at", "2019-10-24 15:42:27.011393"], ["updated_at", "2019-10-24 15:42:27.011393"]]
  [1m[35m (1.1ms)[0m  [1m[36mcommit transaction[0m
  [1m[36mDoctor Load (0.3ms)[0m  [1m[34mSELECT "doctors".* FROM "doctors"[0m
  [1m[36mPatient Load (0.2ms)[0m  [1m[34mSELECT "patients".* FROM "patients"[0m
  [1m[35m (0.1ms)[0m  [1m[36mbegin transaction[0m
  [1m[36mAppointment Create (0.6ms)[0m  [1m[32mINSERT INTO "appointments" ("date", "doctor_id", "patient_id", "created_at", "updated_at") VALUES (?, ?, ?, ?, ?)[0m  [["date", "2019-02-17 00:00:00"], ["doctor_id", 9], ["patient_id", 12], ["created_at", "2019-10-24 15:42:27.024006"], ["updated_at", "2019-10-24 15:42:27.024006"]]
  [1m[35m (1.0ms)[0m  [1m[36mcommit transaction[0m
  [1m[35m (0.1ms)[0m  [1m[36mbegin transaction[0m
  [1m[36mDoctor Create (0.5ms)[0m  [1m[32mINSERT INTO "doctors" ("first_name", "last_name", "speciality", "zip_code", "created_at", "updated_at") VALUES (?, ?, ?, ?, ?, ?)[0m  [["first_name", "Evie"], ["last_name", "Tromp"], ["speciality", "Ford"], ["zip_code", "62623-3436"], ["created_at", "2019-10-24 15:42:27.031766"], ["updated_at", "2019-10-24 15:42:27.031766"]]
  [1m[35m (1.2ms)[0m  [1m[36mcommit transaction[0m
  [1m[35m (0.1ms)[0m  [1m[36mbegin transaction[0m
  [1m[36mPatient Create (0.6ms)[0m  [1m[32mINSERT INTO "patients" ("first_name", "last_name", "created_at", "updated_at") VALUES (?, ?, ?, ?)[0m  [["first_name", "Deloris"], ["last_name", "VonRueden"], ["created_at", "2019-10-24 15:42:27.039180"], ["updated_at", "2019-10-24 15:42:27.039180"]]
  [1m[35m (1.0ms)[0m  [1m[36mcommit transaction[0m
  [1m[36mDoctor Load (0.3ms)[0m  [1m[34mSELECT "doctors".* FROM "doctors"[0m
  [1m[36mPatient Load (0.2ms)[0m  [1m[34mSELECT "patients".* FROM "patients"[0m
  [1m[35m (0.1ms)[0m  [1m[36mbegin transaction[0m
  [1m[36mAppointment Create (0.6ms)[0m  [1m[32mINSERT INTO "appointments" ("date", "doctor_id", "patient_id", "created_at", "updated_at") VALUES (?, ?, ?, ?, ?)[0m  [["date", "2019-02-12 00:00:00"], ["doctor_id", 4], ["patient_id", 14], ["created_at", "2019-10-24 15:42:27.051568"], ["updated_at", "2019-10-24 15:42:27.051568"]]
  [1m[35m (2.2ms)[0m  [1m[36mcommit transaction[0m
  [1m[35m (0.1ms)[0m  [1m[36mbegin transaction[0m
  [1m[36mDoctor Create (0.6ms)[0m  [1m[32mINSERT INTO "doctors" ("first_name", "last_name", "speciality", "zip_code", "created_at", "updated_at") VALUES (?, ?, ?, ?, ?, ?)[0m  [["first_name", "Domingo"], ["last_name", "Koepp"], ["speciality", "Chevy"], ["zip_code", "62404"], ["created_at", "2019-10-24 15:42:27.060799"], ["updated_at", "2019-10-24 15:42:27.060799"]]
  [1m[35m (1.0ms)[0m  [1m[36mcommit transaction[0m
  [1m[35m (0.1ms)[0m  [1m[36mbegin transaction[0m
  [1m[36mPatient Create (0.5ms)[0m  [1m[32mINSERT INTO "patients" ("first_name", "last_name", "created_at", "updated_at") VALUES (?, ?, ?, ?)[0m  [["first_name", "China"], ["last_name", "Koch"], ["created_at", "2019-10-24 15:42:27.070705"], ["updated_at", "2019-10-24 15:42:27.070705"]]
  [1m[35m (2.6ms)[0m  [1m[36mcommit transaction[0m
  [1m[36mDoctor Load (0.3ms)[0m  [1m[34mSELECT "doctors".* FROM "doctors"[0m
  [1m[36mPatient Load (0.2ms)[0m  [1m[34mSELECT "patients".* FROM "patients"[0m
  [1m[35m (0.1ms)[0m  [1m[36mbegin transaction[0m
  [1m[36mAppointment Create (0.6ms)[0m  [1m[32mINSERT INTO "appointments" ("date", "doctor_id", "patient_id", "created_at", "updated_at") VALUES (?, ?, ?, ?, ?)[0m  [["date", "2019-02-17 00:00:00"], ["doctor_id", 10], ["patient_id", 5], ["created_at", "2019-10-24 15:42:27.086566"], ["updated_at", "2019-10-24 15:42:27.086566"]]
  [1m[35m (2.7ms)[0m  [1m[36mcommit transaction[0m
  [1m[35m (0.1ms)[0m  [1m[36mbegin transaction[0m
  [1m[36mDoctor Create (0.5ms)[0m  [1m[32mINSERT INTO "doctors" ("first_name", "last_name", "speciality", "zip_code", "created_at", "updated_at") VALUES (?, ?, ?, ?, ?, ?)[0m  [["first_name", "Gilbert"], ["last_name", "King"], ["speciality", "BMW"], ["zip_code", "31282-7113"], ["created_at", "2019-10-24 15:42:27.095615"], ["updated_at", "2019-10-24 15:42:27.095615"]]
  [1m[35m (10.9ms)[0m  [1m[36mcommit transaction[0m
  [1m[35m (0.1ms)[0m  [1m[36mbegin transaction[0m
  [1m[36mPatient Create (0.5ms)[0m  [1m[32mINSERT INTO "patients" ("first_name", "last_name", "created_at", "updated_at") VALUES (?, ?, ?, ?)[0m  [["first_name", "Nichol"], ["last_name", "Sawayn"], ["created_at", "2019-10-24 15:42:27.112636"], ["updated_at", "2019-10-24 15:42:27.112636"]]
  [1m[35m (1.8ms)[0m  [1m[36mcommit transaction[0m
  [1m[36mDoctor Load (0.3ms)[0m  [1m[34mSELECT "doctors".* FROM "doctors"[0m
  [1m[36mPatient Load (0.2ms)[0m  [1m[34mSELECT "patients".* FROM "patients"[0m
  [1m[35m (0.1ms)[0m  [1m[36mbegin transaction[0m
  [1m[36mAppointment Create (0.6ms)[0m  [1m[32mINSERT INTO "appointments" ("date", "doctor_id", "patient_id", "created_at", "updated_at") VALUES (?, ?, ?, ?, ?)[0m  [["date", "2019-02-12 00:00:00"], ["doctor_id", 14], ["patient_id", 16], ["created_at", "2019-10-24 15:42:27.135547"], ["updated_at", "2019-10-24 15:42:27.135547"]]
  [1m[35m (10.3ms)[0m  [1m[36mcommit transaction[0m
  [1m[35m (1.2ms)[0m  [1m[34mSELECT sqlite_version(*)[0m
  [1m[36mPatient Load (0.3ms)[0m  [1m[34mSELECT "patients".* FROM "patients"[0m
  [1m[36mDoctor Load (0.5ms)[0m  [1m[34mSELECT "doctors".* FROM "doctors"[0m
  [1m[36mAppointment Load (0.4ms)[0m  [1m[34mSELECT "appointments".* FROM "appointments"[0m
  [1m[35m (0.8ms)[0m  [1m[34mSELECT sqlite_version(*)[0m
  [1m[35m (0.2ms)[0m  [1m[34mSELECT "schema_migrations"."version" FROM "schema_migrations" ORDER BY "schema_migrations"."version" ASC[0m
  [1m[36mActiveRecord::InternalMetadata Load (0.2ms)[0m  [1m[34mSELECT "ar_internal_metadata".* FROM "ar_internal_metadata" WHERE "ar_internal_metadata"."key" = ? LIMIT ?[0m  [["key", "environment"], ["LIMIT", 1]]
  [1m[35m (0.1ms)[0m  [1m[34mSELECT sqlite_version(*)[0m
  [1m[35m (0.1ms)[0m  [1m[34mSELECT "schema_migrations"."version" FROM "schema_migrations" ORDER BY "schema_migrations"."version" ASC[0m
  [1m[35m (0.7ms)[0m  [1m[34mSELECT sqlite_version(*)[0m
  [1m[35m (0.1ms)[0m  [1m[34mSELECT "schema_migrations"."version" FROM "schema_migrations" ORDER BY "schema_migrations"."version" ASC[0m
  [1m[36mActiveRecord::InternalMetadata Load (0.1ms)[0m  [1m[34mSELECT "ar_internal_metadata".* FROM "ar_internal_metadata" WHERE "ar_internal_metadata"."key" = ? LIMIT ?[0m  [["key", "environment"], ["LIMIT", 1]]
  [1m[35m (0.0ms)[0m  [1m[34mSELECT sqlite_version(*)[0m
  [1m[35m (0.1ms)[0m  [1m[34mSELECT "schema_migrations"."version" FROM "schema_migrations" ORDER BY "schema_migrations"."version" ASC[0m
  [1m[35m (2.1ms)[0m  [1m[34mSELECT sqlite_version(*)[0m
  [1m[35m (1.0ms)[0m  [1m[34mSELECT "schema_migrations"."version" FROM "schema_migrations" ORDER BY "schema_migrations"."version" ASC[0m
Migrating to Removespecialitycolumn (20191024155101)
  [1m[35m (0.1ms)[0m  [1m[36mbegin transaction[0m
  [1m[35m (0.3ms)[0m  [1m[35mPRAGMA foreign_keys[0m
  [1m[35m (0.1ms)[0m  [1m[35mPRAGMA defer_foreign_keys[0m
  [1m[35m (0.1ms)[0m  [1m[35mPRAGMA defer_foreign_keys = ON[0m
  [1m[35m (0.0ms)[0m  [1m[35mPRAGMA foreign_keys = OFF[0m
  [1m[35m (0.3ms)[0m  [1m[35mCREATE TEMPORARY TABLE "adoctors" ("id" integer NOT NULL PRIMARY KEY, "first_name" varchar DEFAULT NULL, "last_name" varchar DEFAULT NULL, "speciality" varchar DEFAULT NULL, "zip_code" varchar DEFAULT NULL, "created_at" datetime(6) NOT NULL, "updated_at" datetime(6) NOT NULL)[0m
  [1m[35m (0.8ms)[0m  [1m[32mINSERT INTO "adoctors" ("id","first_name","last_name","speciality","zip_code","created_at","updated_at")
                     SELECT "id","first_name","last_name","speciality","zip_code","created_at","updated_at" FROM "doctors"[0m
  [1m[35m (1.1ms)[0m  [1m[35mDROP TABLE "doctors"[0m
  [1m[35m (0.2ms)[0m  [1m[35mCREATE TABLE "doctors" ("id" integer NOT NULL PRIMARY KEY, "first_name" varchar DEFAULT NULL, "last_name" varchar DEFAULT NULL, "zip_code" varchar DEFAULT NULL, "created_at" datetime(6) NOT NULL, "updated_at" datetime(6) NOT NULL)[0m
  [1m[35m (0.1ms)[0m  [1m[32mINSERT INTO "doctors" ("id","first_name","last_name","zip_code","created_at","updated_at")
                     SELECT "id","first_name","last_name","zip_code","created_at","updated_at" FROM "adoctors"[0m
  [1m[35m (0.1ms)[0m  [1m[35mDROP TABLE "adoctors"[0m
  [1m[35m (0.2ms)[0m  [1m[35mPRAGMA defer_foreign_keys = 0[0m
  [1m[35m (0.0ms)[0m  [1m[35mPRAGMA foreign_keys = 1[0m
  [1m[36mprimary::SchemaMigration Create (0.7ms)[0m  [1m[32mINSERT INTO "schema_migrations" ("version") VALUES (?)[0m  [["version", "20191024155101"]]
  [1m[35m (1.4ms)[0m  [1m[36mcommit transaction[0m
  [1m[36mActiveRecord::InternalMetadata Load (1.0ms)[0m  [1m[34mSELECT "ar_internal_metadata".* FROM "ar_internal_metadata" WHERE "ar_internal_metadata"."key" = ? LIMIT ?[0m  [["key", "environment"], ["LIMIT", 1]]
  [1m[35m (0.1ms)[0m  [1m[34mSELECT sqlite_version(*)[0m
  [1m[35m (0.1ms)[0m  [1m[34mSELECT "schema_migrations"."version" FROM "schema_migrations" ORDER BY "schema_migrations"."version" ASC[0m
  [1m[35m (2.0ms)[0m  [1m[34mSELECT sqlite_version(*)[0m
  [1m[35m (1.1ms)[0m  [1m[34mSELECT "schema_migrations"."version" FROM "schema_migrations" ORDER BY "schema_migrations"."version" ASC[0m
Migrating to CreateDocSpes (20191024155515)
  [1m[35m (0.3ms)[0m  [1m[36mbegin transaction[0m
  [1m[35m (1.2ms)[0m  [1m[35mCREATE TABLE "doc_spes" ("id" integer PRIMARY KEY AUTOINCREMENT NOT NULL, "name" varchar, "doctor_id" integer, "speciality_id" integer, "created_at" datetime(6) NOT NULL, "updated_at" datetime(6) NOT NULL)[0m
  [1m[35m (0.2ms)[0m  [1m[35mCREATE  INDEX "index_doc_spes_on_doctor_id" ON "doc_spes" ("doctor_id")[0m
  [1m[35m (0.1ms)[0m  [1m[35mCREATE  INDEX "index_doc_spes_on_speciality_id" ON "doc_spes" ("speciality_id")[0m
  [1m[36mprimary::SchemaMigration Create (0.9ms)[0m  [1m[32mINSERT INTO "schema_migrations" ("version") VALUES (?)[0m  [["version", "20191024155515"]]
  [1m[35m (1.3ms)[0m  [1m[36mcommit transaction[0m
Migrating to Addindextodoctors (20191024160250)
  [1m[35m (0.1ms)[0m  [1m[36mbegin transaction[0m
  [1m[35m (0.7ms)[0m  [1m[35mALTER TABLE "doctors" ADD "city_id" integer[0m
  [1m[35m (0.8ms)[0m  [1m[35mCREATE  INDEX "index_doctors_on_city_id" ON "doctors" ("city_id")[0m
  [1m[35m (0.0ms)[0m  [1m[35mPRAGMA foreign_keys[0m
  [1m[35m (0.1ms)[0m  [1m[35mPRAGMA defer_foreign_keys[0m
  [1m[35m (0.0ms)[0m  [1m[35mPRAGMA defer_foreign_keys = ON[0m
  [1m[35m (0.1ms)[0m  [1m[35mPRAGMA foreign_keys = OFF[0m
  [1m[35m (0.2ms)[0m  [1m[35mCREATE TEMPORARY TABLE "adoctors" ("id" integer NOT NULL PRIMARY KEY, "first_name" varchar DEFAULT NULL, "last_name" varchar DEFAULT NULL, "zip_code" varchar DEFAULT NULL, "created_at" datetime(6) NOT NULL, "updated_at" datetime(6) NOT NULL, "city_id" integer DEFAULT NULL)[0m
  [1m[35m (0.1ms)[0m  [1m[35mCREATE  INDEX "tindex_adoctors_on_city_id" ON "adoctors" ("city_id")[0m
  [1m[35m (0.1ms)[0m  [1m[32mINSERT INTO "adoctors" ("id","first_name","last_name","zip_code","created_at","updated_at","city_id")
                     SELECT "id","first_name","last_name","zip_code","created_at","updated_at","city_id" FROM "doctors"[0m
  [1m[35m (0.2ms)[0m  [1m[35mDROP TABLE "doctors"[0m
  [1m[35m (0.1ms)[0m  [1m[35mCREATE TABLE "doctors" ("id" integer NOT NULL PRIMARY KEY, "first_name" varchar DEFAULT NULL, "last_name" varchar DEFAULT NULL, "zip_code" varchar DEFAULT NULL, "created_at" datetime(6) NOT NULL, "updated_at" datetime(6) NOT NULL, "city_id" integer DEFAULT NULL, CONSTRAINT "fk_rails_7d07bf1fcc"
FOREIGN KEY ("city_id")
  REFERENCES "cities" ("id")
)[0m
  [1m[35m (0.1ms)[0m  [1m[35mCREATE  INDEX "index_doctors_on_city_id" ON "doctors" ("city_id")[0m
  [1m[35m (0.1ms)[0m  [1m[32mINSERT INTO "doctors" ("id","first_name","last_name","zip_code","created_at","updated_at","city_id")
                     SELECT "id","first_name","last_name","zip_code","created_at","updated_at","city_id" FROM "adoctors"[0m
  [1m[35m (0.1ms)[0m  [1m[35mDROP TABLE "adoctors"[0m
  [1m[35m (0.6ms)[0m  [1m[35mPRAGMA defer_foreign_keys = 0[0m
  [1m[35m (0.1ms)[0m  [1m[35mPRAGMA foreign_keys = 1[0m
  [1m[36mprimary::SchemaMigration Create (10.5ms)[0m  [1m[32mINSERT INTO "schema_migrations" ("version") VALUES (?)[0m  [["version", "20191024160250"]]
  [1m[35m (2.8ms)[0m  [1m[36mcommit transaction[0m
Migrating to Addindextopetients (20191024160259)
  [1m[35m (0.1ms)[0m  [1m[36mbegin transaction[0m
  [1m[35m (0.7ms)[0m  [1m[35mALTER TABLE "patients" ADD "city_id" integer[0m
  [1m[35m (0.9ms)[0m  [1m[35mCREATE  INDEX "index_patients_on_city_id" ON "patients" ("city_id")[0m
  [1m[35m (0.1ms)[0m  [1m[35mPRAGMA foreign_keys[0m
  [1m[35m (0.1ms)[0m  [1m[35mPRAGMA defer_foreign_keys[0m
  [1m[35m (0.1ms)[0m  [1m[35mPRAGMA defer_foreign_keys = ON[0m
  [1m[35m (0.0ms)[0m  [1m[35mPRAGMA foreign_keys = OFF[0m
  [1m[35m (0.1ms)[0m  [1m[35mCREATE TEMPORARY TABLE "apatients" ("id" integer NOT NULL PRIMARY KEY, "first_name" varchar DEFAULT NULL, "last_name" varchar DEFAULT NULL, "created_at" datetime(6) NOT NULL, "updated_at" datetime(6) NOT NULL, "city_id" integer DEFAULT NULL)[0m
  [1m[35m (0.1ms)[0m  [1m[35mCREATE  INDEX "tindex_apatients_on_city_id" ON "apatients" ("city_id")[0m
  [1m[35m (0.1ms)[0m  [1m[32mINSERT INTO "apatients" ("id","first_name","last_name","created_at","updated_at","city_id")
                     SELECT "id","first_name","last_name","created_at","updated_at","city_id" FROM "patients"[0m
  [1m[35m (0.9ms)[0m  [1m[35mDROP TABLE "patients"[0m
  [1m[35m (0.3ms)[0m  [1m[35mCREATE TABLE "patients" ("id" integer NOT NULL PRIMARY KEY, "first_name" varchar DEFAULT NULL, "last_name" varchar DEFAULT NULL, "created_at" datetime(6) NOT NULL, "updated_at" datetime(6) NOT NULL, "city_id" integer DEFAULT NULL, CONSTRAINT "fk_rails_5f4f0a6f13"
FOREIGN KEY ("city_id")
  REFERENCES "cities" ("id")
)[0m
  [1m[35m (0.2ms)[0m  [1m[35mCREATE  INDEX "index_patients_on_city_id" ON "patients" ("city_id")[0m
  [1m[35m (0.1ms)[0m  [1m[32mINSERT INTO "patients" ("id","first_name","last_name","created_at","updated_at","city_id")
                     SELECT "id","first_name","last_name","created_at","updated_at","city_id" FROM "apatients"[0m
  [1m[35m (0.3ms)[0m  [1m[35mDROP TABLE "apatients"[0m
  [1m[35m (0.1ms)[0m  [1m[35mPRAGMA defer_foreign_keys = 0[0m
  [1m[35m (0.0ms)[0m  [1m[35mPRAGMA foreign_keys = 1[0m
  [1m[36mprimary::SchemaMigration Create (0.2ms)[0m  [1m[32mINSERT INTO "schema_migrations" ("version") VALUES (?)[0m  [["version", "20191024160259"]]
  [1m[35m (1.1ms)[0m  [1m[36mcommit transaction[0m
Migrating to Addindextoappointments (20191024160310)
  [1m[35m (0.1ms)[0m  [1m[36mbegin transaction[0m
  [1m[35m (0.7ms)[0m  [1m[35mALTER TABLE "appointments" ADD "city_id" integer[0m
  [1m[35m (0.7ms)[0m  [1m[35mCREATE  INDEX "index_appointments_on_city_id" ON "appointments" ("city_id")[0m
  [1m[35m (0.0ms)[0m  [1m[35mPRAGMA foreign_keys[0m
  [1m[35m (0.0ms)[0m  [1m[35mPRAGMA defer_foreign_keys[0m
  [1m[35m (0.0ms)[0m  [1m[35mPRAGMA defer_foreign_keys = ON[0m
  [1m[35m (0.1ms)[0m  [1m[35mPRAGMA foreign_keys = OFF[0m
  [1m[35m (0.2ms)[0m  [1m[35mCREATE TEMPORARY TABLE "aappointments" ("id" integer NOT NULL PRIMARY KEY, "date" datetime DEFAULT NULL, "doctor_id" integer DEFAULT NULL, "patient_id" integer DEFAULT NULL, "created_at" datetime(6) NOT NULL, "updated_at" datetime(6) NOT NULL, "city_id" integer DEFAULT NULL)[0m
  [1m[35m (0.2ms)[0m  [1m[35mCREATE  INDEX "tindex_aappointments_on_city_id" ON "aappointments" ("city_id")[0m
  [1m[35m (0.2ms)[0m  [1m[35mCREATE  INDEX "tindex_aappointments_on_patient_id" ON "aappointments" ("patient_id")[0m
  [1m[35m (0.2ms)[0m  [1m[35mCREATE  INDEX "tindex_aappointments_on_doctor_id" ON "aappointments" ("doctor_id")[0m
  [1m[35m (0.2ms)[0m  [1m[32mINSERT INTO "aappointments" ("id","date","doctor_id","patient_id","created_at","updated_at","city_id")
                     SELECT "id","date","doctor_id","patient_id","created_at","updated_at","city_id" FROM "appointments"[0m
  [1m[35m (1.1ms)[0m  [1m[35mDROP TABLE "appointments"[0m
  [1m[35m (0.2ms)[0m  [1m[35mCREATE TABLE "appointments" ("id" integer NOT NULL PRIMARY KEY, "date" datetime DEFAULT NULL, "doctor_id" integer DEFAULT NULL, "patient_id" integer DEFAULT NULL, "created_at" datetime(6) NOT NULL, "updated_at" datetime(6) NOT NULL, "city_id" integer DEFAULT NULL, CONSTRAINT "fk_rails_fecccdeb72"
FOREIGN KEY ("city_id")
  REFERENCES "cities" ("id")
)[0m
  [1m[35m (0.2ms)[0m  [1m[35mCREATE  INDEX "index_appointments_on_doctor_id" ON "appointments" ("doctor_id")[0m
  [1m[35m (0.2ms)[0m  [1m[35mCREATE  INDEX "index_appointments_on_patient_id" ON "appointments" ("patient_id")[0m
  [1m[35m (0.2ms)[0m  [1m[35mCREATE  INDEX "index_appointments_on_city_id" ON "appointments" ("city_id")[0m
  [1m[35m (0.2ms)[0m  [1m[32mINSERT INTO "appointments" ("id","date","doctor_id","patient_id","created_at","updated_at","city_id")
                     SELECT "id","date","doctor_id","patient_id","created_at","updated_at","city_id" FROM "aappointments"[0m
  [1m[35m (0.3ms)[0m  [1m[35mDROP TABLE "aappointments"[0m
  [1m[35m (0.3ms)[0m  [1m[35mPRAGMA defer_foreign_keys = 0[0m
  [1m[35m (0.1ms)[0m  [1m[35mPRAGMA foreign_keys = 1[0m
  [1m[36mprimary::SchemaMigration Create (0.3ms)[0m  [1m[32mINSERT INTO "schema_migrations" ("version") VALUES (?)[0m  [["version", "20191024160310"]]
  [1m[35m (3.3ms)[0m  [1m[36mcommit transaction[0m
  [1m[36mActiveRecord::InternalMetadata Load (1.1ms)[0m  [1m[34mSELECT "ar_internal_metadata".* FROM "ar_internal_metadata" WHERE "ar_internal_metadata"."key" = ? LIMIT ?[0m  [["key", "environment"], ["LIMIT", 1]]
  [1m[35m (0.1ms)[0m  [1m[34mSELECT sqlite_version(*)[0m
  [1m[35m (0.2ms)[0m  [1m[34mSELECT "schema_migrations"."version" FROM "schema_migrations" ORDER BY "schema_migrations"."version" ASC[0m
  [1m[35m (2.3ms)[0m  [1m[34mSELECT sqlite_version(*)[0m
  [1m[35m (0.7ms)[0m  [1m[34mSELECT "schema_migrations"."version" FROM "schema_migrations" ORDER BY "schema_migrations"."version" ASC[0m
  [1m[35m (1.5ms)[0m  [1m[34mSELECT sqlite_version(*)[0m
  [1m[36mDoctor Load (1.1ms)[0m  [1m[34mSELECT "doctors".* FROM "doctors"[0m
  [1m[36mPatient Load (1.6ms)[0m  [1m[34mSELECT "patients".* FROM "patients"[0m
  [1m[36mAppointment Load (1.8ms)[0m  [1m[34mSELECT "appointments".* FROM "appointments"[0m
  [1m[36mCity Load (1.5ms)[0m  [1m[34mSELECT "cities".* FROM "cities"[0m
  [1m[35m (2.1ms)[0m  [1m[34mSELECT sqlite_version(*)[0m
  [1m[35m (0.9ms)[0m  [1m[34mSELECT "schema_migrations"."version" FROM "schema_migrations" ORDER BY "schema_migrations"."version" ASC[0m
  [1m[35m (0.9ms)[0m  [1m[34mSELECT sqlite_version(*)[0m
  [1m[35m (0.1ms)[0m  [1m[34mSELECT "schema_migrations"."version" FROM "schema_migrations" ORDER BY "schema_migrations"."version" ASC[0m
Migrating to CreateSpecialities (20191024161214)
  [1m[35m (0.1ms)[0m  [1m[36mbegin transaction[0m
  [1m[35m (1.0ms)[0m  [1m[35mCREATE TABLE "specialities" ("id" integer PRIMARY KEY AUTOINCREMENT NOT NULL, "speciality" varchar, "created_at" datetime(6) NOT NULL, "updated_at" datetime(6) NOT NULL)[0m
  [1m[36mprimary::SchemaMigration Create (0.7ms)[0m  [1m[32mINSERT INTO "schema_migrations" ("version") VALUES (?)[0m  [["version", "20191024161214"]]
  [1m[35m (1.1ms)[0m  [1m[36mcommit transaction[0m
  [1m[36mActiveRecord::InternalMetadata Load (1.1ms)[0m  [1m[34mSELECT "ar_internal_metadata".* FROM "ar_internal_metadata" WHERE "ar_internal_metadata"."key" = ? LIMIT ?[0m  [["key", "environment"], ["LIMIT", 1]]
  [1m[35m (0.1ms)[0m  [1m[34mSELECT sqlite_version(*)[0m
  [1m[35m (0.1ms)[0m  [1m[34mSELECT "schema_migrations"."version" FROM "schema_migrations" ORDER BY "schema_migrations"."version" ASC[0m
  [1m[35m (1.4ms)[0m  [1m[34mSELECT sqlite_version(*)[0m
  [1m[35m (0.2ms)[0m  [1m[34mSELECT "schema_migrations"."version" FROM "schema_migrations" ORDER BY "schema_migrations"."version" ASC[0m
  [1m[36mActiveRecord::InternalMetadata Load (0.1ms)[0m  [1m[34mSELECT "ar_internal_metadata".* FROM "ar_internal_metadata" WHERE "ar_internal_metadata"."key" = ? LIMIT ?[0m  [["key", "environment"], ["LIMIT", 1]]
  [1m[35m (0.0ms)[0m  [1m[34mSELECT sqlite_version(*)[0m
  [1m[35m (0.1ms)[0m  [1m[34mSELECT "schema_migrations"."version" FROM "schema_migrations" ORDER BY "schema_migrations"."version" ASC[0m
  [1m[35m (2.2ms)[0m  [1m[34mSELECT sqlite_version(*)[0m
  [1m[35m (1.0ms)[0m  [1m[34mSELECT "schema_migrations"."version" FROM "schema_migrations" ORDER BY "schema_migrations"."version" ASC[0m
  [1m[35m (0.1ms)[0m  [1m[34mSELECT sqlite_version(*)[0m
  [1m[36mCity Load (0.9ms)[0m  [1m[34mSELECT "cities".* FROM "cities"[0m
  [1m[36mDoctor Load (0.8ms)[0m  [1m[34mSELECT "doctors".* FROM "doctors"[0m
  [1m[35m (0.1ms)[0m  [1m[36mbegin transaction[0m
  [1m[36mDoctor Destroy (1.4ms)[0m  [1m[31mDELETE FROM "doctors" WHERE "doctors"."id" = ?[0m  [["id", 1]]
  [1m[35m (1.4ms)[0m  [1m[36mcommit transaction[0m
  [1m[35m (0.1ms)[0m  [1m[36mbegin transaction[0m
  [1m[36mDoctor Destroy (0.5ms)[0m  [1m[31mDELETE FROM "doctors" WHERE "doctors"."id" = ?[0m  [["id", 2]]
  [1m[35m (1.2ms)[0m  [1m[36mcommit transaction[0m
  [1m[35m (0.1ms)[0m  [1m[36mbegin transaction[0m
  [1m[36mDoctor Destroy (1.3ms)[0m  [1m[31mDELETE FROM "doctors" WHERE "doctors"."id" = ?[0m  [["id", 3]]
  [1m[35m (1.2ms)[0m  [1m[36mcommit transaction[0m
  [1m[35m (0.1ms)[0m  [1m[36mbegin transaction[0m
  [1m[36mDoctor Destroy (0.5ms)[0m  [1m[31mDELETE FROM "doctors" WHERE "doctors"."id" = ?[0m  [["id", 4]]
  [1m[35m (1.1ms)[0m  [1m[36mcommit transaction[0m
  [1m[35m (0.1ms)[0m  [1m[36mbegin transaction[0m
  [1m[36mDoctor Destroy (0.4ms)[0m  [1m[31mDELETE FROM "doctors" WHERE "doctors"."id" = ?[0m  [["id", 5]]
  [1m[35m (1.2ms)[0m  [1m[36mcommit transaction[0m
  [1m[35m (0.1ms)[0m  [1m[36mbegin transaction[0m
  [1m[36mDoctor Destroy (1.6ms)[0m  [1m[31mDELETE FROM "doctors" WHERE "doctors"."id" = ?[0m  [["id", 6]]
  [1m[35m (1.0ms)[0m  [1m[36mcommit transaction[0m
  [1m[35m (0.1ms)[0m  [1m[36mbegin transaction[0m
  [1m[36mDoctor Destroy (0.6ms)[0m  [1m[31mDELETE FROM "doctors" WHERE "doctors"."id" = ?[0m  [["id", 7]]
  [1m[35m (1.5ms)[0m  [1m[36mcommit transaction[0m
  [1m[35m (0.1ms)[0m  [1m[36mbegin transaction[0m
  [1m[36mDoctor Destroy (0.5ms)[0m  [1m[31mDELETE FROM "doctors" WHERE "doctors"."id" = ?[0m  [["id", 8]]
  [1m[35m (1.5ms)[0m  [1m[36mcommit transaction[0m
  [1m[35m (0.1ms)[0m  [1m[36mbegin transaction[0m
  [1m[36mDoctor Destroy (0.5ms)[0m  [1m[31mDELETE FROM "doctors" WHERE "doctors"."id" = ?[0m  [["id", 9]]
  [1m[35m (4.3ms)[0m  [1m[36mcommit transaction[0m
  [1m[35m (0.1ms)[0m  [1m[36mbegin transaction[0m
  [1m[36mDoctor Destroy (0.5ms)[0m  [1m[31mDELETE FROM "doctors" WHERE "doctors"."id" = ?[0m  [["id", 10]]
  [1m[35m (0.9ms)[0m  [1m[36mcommit transaction[0m
  [1m[35m (0.1ms)[0m  [1m[36mbegin transaction[0m
  [1m[36mDoctor Destroy (0.4ms)[0m  [1m[31mDELETE FROM "doctors" WHERE "doctors"."id" = ?[0m  [["id", 11]]
  [1m[35m (0.9ms)[0m  [1m[36mcommit transaction[0m
  [1m[35m (0.1ms)[0m  [1m[36mbegin transaction[0m
  [1m[36mDoctor Destroy (0.5ms)[0m  [1m[31mDELETE FROM "doctors" WHERE "doctors"."id" = ?[0m  [["id", 12]]
  [1m[35m (1.0ms)[0m  [1m[36mcommit transaction[0m
  [1m[35m (0.1ms)[0m  [1m[36mbegin transaction[0m
  [1m[36mDoctor Destroy (0.4ms)[0m  [1m[31mDELETE FROM "doctors" WHERE "doctors"."id" = ?[0m  [["id", 13]]
  [1m[35m (0.9ms)[0m  [1m[36mcommit transaction[0m
  [1m[35m (0.1ms)[0m  [1m[36mbegin transaction[0m
  [1m[36mDoctor Destroy (0.5ms)[0m  [1m[31mDELETE FROM "doctors" WHERE "doctors"."id" = ?[0m  [["id", 14]]
  [1m[35m (0.8ms)[0m  [1m[36mcommit transaction[0m
  [1m[35m (0.1ms)[0m  [1m[36mbegin transaction[0m
  [1m[36mDoctor Destroy (0.6ms)[0m  [1m[31mDELETE FROM "doctors" WHERE "doctors"."id" = ?[0m  [["id", 15]]
  [1m[35m (0.9ms)[0m  [1m[36mcommit transaction[0m
  [1m[35m (0.1ms)[0m  [1m[36mbegin transaction[0m
  [1m[36mDoctor Destroy (0.4ms)[0m  [1m[31mDELETE FROM "doctors" WHERE "doctors"."id" = ?[0m  [["id", 16]]
  [1m[35m (1.0ms)[0m  [1m[36mcommit transaction[0m
  [1m[35m (0.1ms)[0m  [1m[36mbegin transaction[0m
  [1m[36mDoctor Destroy (0.3ms)[0m  [1m[31mDELETE FROM "doctors" WHERE "doctors"."id" = ?[0m  [["id", 17]]
  [1m[35m (1.1ms)[0m  [1m[36mcommit transaction[0m
  [1m[35m (0.1ms)[0m  [1m[36mbegin transaction[0m
  [1m[36mDoctor Destroy (0.4ms)[0m  [1m[31mDELETE FROM "doctors" WHERE "doctors"."id" = ?[0m  [["id", 18]]
  [1m[35m (1.1ms)[0m  [1m[36mcommit transaction[0m
  [1m[35m (0.1ms)[0m  [1m[36mbegin transaction[0m
  [1m[36mDoctor Destroy (0.4ms)[0m  [1m[31mDELETE FROM "doctors" WHERE "doctors"."id" = ?[0m  [["id", 19]]
  [1m[35m (1.0ms)[0m  [1m[36mcommit transaction[0m
  [1m[35m (0.1ms)[0m  [1m[36mbegin transaction[0m
  [1m[36mDoctor Destroy (0.5ms)[0m  [1m[31mDELETE FROM "doctors" WHERE "doctors"."id" = ?[0m  [["id", 20]]
  [1m[35m (1.0ms)[0m  [1m[36mcommit transaction[0m
  [1m[36mPatient Load (0.8ms)[0m  [1m[34mSELECT "patients".* FROM "patients"[0m
  [1m[35m (0.1ms)[0m  [1m[36mbegin transaction[0m
  [1m[36mPatient Destroy (1.0ms)[0m  [1m[31mDELETE FROM "patients" WHERE "patients"."id" = ?[0m  [["id", 1]]
  [1m[35m (1.1ms)[0m  [1m[36mcommit transaction[0m
  [1m[35m (0.1ms)[0m  [1m[36mbegin transaction[0m
  [1m[36mPatient Destroy (0.4ms)[0m  [1m[31mDELETE FROM "patients" WHERE "patients"."id" = ?[0m  [["id", 2]]
  [1m[35m (0.9ms)[0m  [1m[36mcommit transaction[0m
  [1m[35m (0.1ms)[0m  [1m[36mbegin transaction[0m
  [1m[36mPatient Destroy (0.4ms)[0m  [1m[31mDELETE FROM "patients" WHERE "patients"."id" = ?[0m  [["id", 3]]
  [1m[35m (0.9ms)[0m  [1m[36mcommit transaction[0m
  [1m[35m (0.1ms)[0m  [1m[36mbegin transaction[0m
  [1m[36mPatient Destroy (0.5ms)[0m  [1m[31mDELETE FROM "patients" WHERE "patients"."id" = ?[0m  [["id", 4]]
  [1m[35m (0.8ms)[0m  [1m[36mcommit transaction[0m
  [1m[35m (0.1ms)[0m  [1m[36mbegin transaction[0m
  [1m[36mPatient Destroy (0.5ms)[0m  [1m[31mDELETE FROM "patients" WHERE "patients"."id" = ?[0m  [["id", 5]]
  [1m[35m (0.9ms)[0m  [1m[36mcommit transaction[0m
  [1m[35m (0.1ms)[0m  [1m[36mbegin transaction[0m
  [1m[36mPatient Destroy (0.4ms)[0m  [1m[31mDELETE FROM "patients" WHERE "patients"."id" = ?[0m  [["id", 6]]
  [1m[35m (1.9ms)[0m  [1m[36mcommit transaction[0m
  [1m[35m (0.1ms)[0m  [1m[36mbegin transaction[0m
  [1m[36mPatient Destroy (0.4ms)[0m  [1m[31mDELETE FROM "patients" WHERE "patients"."id" = ?[0m  [["id", 7]]
  [1m[35m (1.0ms)[0m  [1m[36mcommit transaction[0m
  [1m[35m (0.1ms)[0m  [1m[36mbegin transaction[0m
  [1m[36mPatient Destroy (0.4ms)[0m  [1m[31mDELETE FROM "patients" WHERE "patients"."id" = ?[0m  [["id", 8]]
  [1m[35m (1.1ms)[0m  [1m[36mcommit transaction[0m
  [1m[35m (0.1ms)[0m  [1m[36mbegin transaction[0m
  [1m[36mPatient Destroy (0.4ms)[0m  [1m[31mDELETE FROM "patients" WHERE "patients"."id" = ?[0m  [["id", 9]]
  [1m[35m (1.8ms)[0m  [1m[36mcommit transaction[0m
  [1m[35m (0.1ms)[0m  [1m[36mbegin transaction[0m
  [1m[36mPatient Destroy (0.4ms)[0m  [1m[31mDELETE FROM "patients" WHERE "patients"."id" = ?[0m  [["id", 10]]
  [1m[35m (1.2ms)[0m  [1m[36mcommit transaction[0m
  [1m[35m (0.1ms)[0m  [1m[36mbegin transaction[0m
  [1m[36mPatient Destroy (0.4ms)[0m  [1m[31mDELETE FROM "patients" WHERE "patients"."id" = ?[0m  [["id", 11]]
  [1m[35m (1.3ms)[0m  [1m[36mcommit transaction[0m
  [1m[35m (0.1ms)[0m  [1m[36mbegin transaction[0m
  [1m[36mPatient Destroy (0.4ms)[0m  [1m[31mDELETE FROM "patients" WHERE "patients"."id" = ?[0m  [["id", 12]]
  [1m[35m (1.0ms)[0m  [1m[36mcommit transaction[0m
  [1m[35m (0.1ms)[0m  [1m[36mbegin transaction[0m
  [1m[36mPatient Destroy (1.3ms)[0m  [1m[31mDELETE FROM "patients" WHERE "patients"."id" = ?[0m  [["id", 13]]
  [1m[35m (1.0ms)[0m  [1m[36mcommit transaction[0m
  [1m[35m (0.1ms)[0m  [1m[36mbegin transaction[0m
  [1m[36mPatient Destroy (0.5ms)[0m  [1m[31mDELETE FROM "patients" WHERE "patients"."id" = ?[0m  [["id", 14]]
  [1m[35m (1.0ms)[0m  [1m[36mcommit transaction[0m
  [1m[35m (0.1ms)[0m  [1m[36mbegin transaction[0m
  [1m[36mPatient Destroy (0.5ms)[0m  [1m[31mDELETE FROM "patients" WHERE "patients"."id" = ?[0m  [["id", 15]]
  [1m[35m (0.9ms)[0m  [1m[36mcommit transaction[0m
  [1m[35m (0.1ms)[0m  [1m[36mbegin transaction[0m
  [1m[36mPatient Destroy (0.4ms)[0m  [1m[31mDELETE FROM "patients" WHERE "patients"."id" = ?[0m  [["id", 16]]
  [1m[35m (0.9ms)[0m  [1m[36mcommit transaction[0m
  [1m[35m (0.1ms)[0m  [1m[36mbegin transaction[0m
  [1m[36mPatient Destroy (0.5ms)[0m  [1m[31mDELETE FROM "patients" WHERE "patients"."id" = ?[0m  [["id", 17]]
  [1m[35m (0.8ms)[0m  [1m[36mcommit transaction[0m
  [1m[35m (0.1ms)[0m  [1m[36mbegin transaction[0m
  [1m[36mPatient Destroy (0.4ms)[0m  [1m[31mDELETE FROM "patients" WHERE "patients"."id" = ?[0m  [["id", 18]]
  [1m[35m (0.9ms)[0m  [1m[36mcommit transaction[0m
  [1m[35m (0.1ms)[0m  [1m[36mbegin transaction[0m
  [1m[36mPatient Destroy (0.4ms)[0m  [1m[31mDELETE FROM "patients" WHERE "patients"."id" = ?[0m  [["id", 19]]
  [1m[35m (1.8ms)[0m  [1m[36mcommit transaction[0m
  [1m[35m (0.1ms)[0m  [1m[36mbegin transaction[0m
  [1m[36mPatient Destroy (0.4ms)[0m  [1m[31mDELETE FROM "patients" WHERE "patients"."id" = ?[0m  [["id", 20]]
  [1m[35m (0.9ms)[0m  [1m[36mcommit transaction[0m
  [1m[36mAppointment Load (0.7ms)[0m  [1m[34mSELECT "appointments".* FROM "appointments"[0m
  [1m[35m (0.1ms)[0m  [1m[36mbegin transaction[0m
  [1m[36mAppointment Destroy (1.6ms)[0m  [1m[31mDELETE FROM "appointments" WHERE "appointments"."id" = ?[0m  [["id", 1]]
  [1m[35m (4.0ms)[0m  [1m[36mcommit transaction[0m
  [1m[35m (0.1ms)[0m  [1m[36mbegin transaction[0m
  [1m[36mAppointment Destroy (0.5ms)[0m  [1m[31mDELETE FROM "appointments" WHERE "appointments"."id" = ?[0m  [["id", 2]]
  [1m[35m (1.1ms)[0m  [1m[36mcommit transaction[0m
  [1m[35m (0.1ms)[0m  [1m[36mbegin transaction[0m
  [1m[36mAppointment Destroy (0.6ms)[0m  [1m[31mDELETE FROM "appointments" WHERE "appointments"."id" = ?[0m  [["id", 3]]
  [1m[35m (1.0ms)[0m  [1m[36mcommit transaction[0m
  [1m[35m (0.1ms)[0m  [1m[36mbegin transaction[0m
  [1m[36mAppointment Destroy (0.5ms)[0m  [1m[31mDELETE FROM "appointments" WHERE "appointments"."id" = ?[0m  [["id", 4]]
  [1m[35m (1.1ms)[0m  [1m[36mcommit transaction[0m
  [1m[35m (0.1ms)[0m  [1m[36mbegin transaction[0m
  [1m[36mAppointment Destroy (4.0ms)[0m  [1m[31mDELETE FROM "appointments" WHERE "appointments"."id" = ?[0m  [["id", 5]]
  [1m[35m (2.3ms)[0m  [1m[36mcommit transaction[0m
  [1m[35m (0.1ms)[0m  [1m[36mbegin transaction[0m
  [1m[36mAppointment Destroy (3.7ms)[0m  [1m[31mDELETE FROM "appointments" WHERE "appointments"."id" = ?[0m  [["id", 6]]
  [1m[35m (2.6ms)[0m  [1m[36mcommit transaction[0m
  [1m[35m (0.1ms)[0m  [1m[36mbegin transaction[0m
  [1m[36mAppointment Destroy (0.6ms)[0m  [1m[31mDELETE FROM "appointments" WHERE "appointments"."id" = ?[0m  [["id", 7]]
  [1m[35m (1.0ms)[0m  [1m[36mcommit transaction[0m
  [1m[35m (0.1ms)[0m  [1m[36mbegin transaction[0m
  [1m[36mAppointment Destroy (0.6ms)[0m  [1m[31mDELETE FROM "appointments" WHERE "appointments"."id" = ?[0m  [["id", 8]]
  [1m[35m (0.9ms)[0m  [1m[36mcommit transaction[0m
  [1m[35m (0.1ms)[0m  [1m[36mbegin transaction[0m
  [1m[36mAppointment Destroy (0.6ms)[0m  [1m[31mDELETE FROM "appointments" WHERE "appointments"."id" = ?[0m  [["id", 9]]
  [1m[35m (0.9ms)[0m  [1m[36mcommit transaction[0m
  [1m[35m (0.1ms)[0m  [1m[36mbegin transaction[0m
  [1m[36mAppointment Destroy (0.5ms)[0m  [1m[31mDELETE FROM "appointments" WHERE "appointments"."id" = ?[0m  [["id", 10]]
  [1m[35m (0.8ms)[0m  [1m[36mcommit transaction[0m
  [1m[35m (0.1ms)[0m  [1m[36mbegin transaction[0m
  [1m[36mAppointment Destroy (0.6ms)[0m  [1m[31mDELETE FROM "appointments" WHERE "appointments"."id" = ?[0m  [["id", 11]]
  [1m[35m (0.9ms)[0m  [1m[36mcommit transaction[0m
  [1m[35m (0.1ms)[0m  [1m[36mbegin transaction[0m
  [1m[36mAppointment Destroy (0.5ms)[0m  [1m[31mDELETE FROM "appointments" WHERE "appointments"."id" = ?[0m  [["id", 12]]
  [1m[35m (0.9ms)[0m  [1m[36mcommit transaction[0m
  [1m[35m (0.1ms)[0m  [1m[36mbegin transaction[0m
  [1m[36mAppointment Destroy (0.4ms)[0m  [1m[31mDELETE FROM "appointments" WHERE "appointments"."id" = ?[0m  [["id", 13]]
  [1m[35m (0.9ms)[0m  [1m[36mcommit transaction[0m
  [1m[35m (0.1ms)[0m  [1m[36mbegin transaction[0m
  [1m[36mAppointment Destroy (0.7ms)[0m  [1m[31mDELETE FROM "appointments" WHERE "appointments"."id" = ?[0m  [["id", 14]]
  [1m[35m (0.9ms)[0m  [1m[36mcommit transaction[0m
  [1m[35m (0.1ms)[0m  [1m[36mbegin transaction[0m
  [1m[36mAppointment Destroy (0.5ms)[0m  [1m[31mDELETE FROM "appointments" WHERE "appointments"."id" = ?[0m  [["id", 15]]
  [1m[35m (1.0ms)[0m  [1m[36mcommit transaction[0m
  [1m[35m (0.1ms)[0m  [1m[36mbegin transaction[0m
  [1m[36mAppointment Destroy (0.4ms)[0m  [1m[31mDELETE FROM "appointments" WHERE "appointments"."id" = ?[0m  [["id", 16]]
  [1m[35m (0.9ms)[0m  [1m[36mcommit transaction[0m
  [1m[35m (0.1ms)[0m  [1m[36mbegin transaction[0m
  [1m[36mAppointment Destroy (0.6ms)[0m  [1m[31mDELETE FROM "appointments" WHERE "appointments"."id" = ?[0m  [["id", 17]]
  [1m[35m (0.9ms)[0m  [1m[36mcommit transaction[0m
  [1m[35m (0.1ms)[0m  [1m[36mbegin transaction[0m
  [1m[36mAppointment Destroy (0.4ms)[0m  [1m[31mDELETE FROM "appointments" WHERE "appointments"."id" = ?[0m  [["id", 18]]
  [1m[35m (1.0ms)[0m  [1m[36mcommit transaction[0m
  [1m[35m (0.1ms)[0m  [1m[36mbegin transaction[0m
  [1m[36mAppointment Destroy (0.5ms)[0m  [1m[31mDELETE FROM "appointments" WHERE "appointments"."id" = ?[0m  [["id", 19]]
  [1m[35m (2.4ms)[0m  [1m[36mcommit transaction[0m
  [1m[35m (0.1ms)[0m  [1m[36mbegin transaction[0m
  [1m[36mAppointment Destroy (3.6ms)[0m  [1m[31mDELETE FROM "appointments" WHERE "appointments"."id" = ?[0m  [["id", 20]]
  [1m[35m (3.5ms)[0m  [1m[36mcommit transaction[0m
  [1m[36mSpeciality Load (0.7ms)[0m  [1m[34mSELECT "specialities".* FROM "specialities"[0m
  [1m[35m (0.1ms)[0m  [1m[36mbegin transaction[0m
  [1m[36mSpeciality Create (1.4ms)[0m  [1m[32mINSERT INTO "specialities" ("speciality", "created_at", "updated_at") VALUES (?, ?, ?)[0m  [["speciality", "Honda"], ["created_at", "2019-10-24 16:29:53.957092"], ["updated_at", "2019-10-24 16:29:53.957092"]]
  [1m[35m (1.1ms)[0m  [1m[36mcommit transaction[0m
  [1m[35m (0.1ms)[0m  [1m[36mbegin transaction[0m
  [1m[36mCity Create (0.4ms)[0m  [1m[32mINSERT INTO "cities" ("name", "created_at", "updated_at") VALUES (?, ?, ?)[0m  [["name", "Ankundingshire"], ["created_at", "2019-10-24 16:29:53.968605"], ["updated_at", "2019-10-24 16:29:53.968605"]]
  [1m[35m (1.2ms)[0m  [1m[36mcommit transaction[0m
  [1m[35m (1.3ms)[0m  [1m[34mSELECT sqlite_version(*)[0m
  [1m[36mSpeciality Load (0.2ms)[0m  [1m[34mSELECT "specialities".* FROM "specialities"[0m
  [1m[36mCity Load (0.2ms)[0m  [1m[34mSELECT "cities".* FROM "cities"[0m
  [1m[36mDoctor Load (0.3ms)[0m  [1m[34mSELECT "doctors".* FROM "doctors"[0m
  [1m[35m (2.0ms)[0m  [1m[34mSELECT sqlite_version(*)[0m
  [1m[35m (0.2ms)[0m  [1m[34mSELECT "schema_migrations"."version" FROM "schema_migrations" ORDER BY "schema_migrations"."version" ASC[0m
  [1m[35m (0.1ms)[0m  [1m[34mSELECT sqlite_version(*)[0m
  [1m[36mCity Load (0.2ms)[0m  [1m[34mSELECT "cities".* FROM "cities"[0m
  [1m[35m (0.1ms)[0m  [1m[36mbegin transaction[0m
  [1m[36mCity Destroy (0.6ms)[0m  [1m[31mDELETE FROM "cities" WHERE "cities"."id" = ?[0m  [["id", 1]]
  [1m[35m (1.2ms)[0m  [1m[36mcommit transaction[0m
  [1m[36mDoctor Load (0.2ms)[0m  [1m[34mSELECT "doctors".* FROM "doctors"[0m
  [1m[36mPatient Load (0.2ms)[0m  [1m[34mSELECT "patients".* FROM "patients"[0m
  [1m[36mAppointment Load (0.1ms)[0m  [1m[34mSELECT "appointments".* FROM "appointments"[0m
  [1m[36mSpeciality Load (0.2ms)[0m  [1m[34mSELECT "specialities".* FROM "specialities"[0m
  [1m[35m (0.0ms)[0m  [1m[36mbegin transaction[0m
  [1m[36mSpeciality Destroy (0.3ms)[0m  [1m[31mDELETE FROM "specialities" WHERE "specialities"."id" = ?[0m  [["id", 1]]
  [1m[35m (1.2ms)[0m  [1m[36mcommit transaction[0m
  [1m[35m (0.1ms)[0m  [1m[36mbegin transaction[0m
  [1m[36mSpeciality Create (0.4ms)[0m  [1m[32mINSERT INTO "specialities" ("speciality", "created_at", "updated_at") VALUES (?, ?, ?)[0m  [["speciality", "Lincoln"], ["created_at", "2019-10-24 16:33:05.550061"], ["updated_at", "2019-10-24 16:33:05.550061"]]
  [1m[35m (1.2ms)[0m  [1m[36mcommit transaction[0m
  [1m[35m (0.1ms)[0m  [1m[36mbegin transaction[0m
  [1m[36mCity Create (0.4ms)[0m  [1m[32mINSERT INTO "cities" ("name", "created_at", "updated_at") VALUES (?, ?, ?)[0m  [["name", "Pricemouth"], ["created_at", "2019-10-24 16:33:05.556839"], ["updated_at", "2019-10-24 16:33:05.556839"]]
  [1m[35m (1.0ms)[0m  [1m[36mcommit transaction[0m
  [1m[36mCity Load (0.1ms)[0m  [1m[34mSELECT "cities".* FROM "cities"[0m
  [1m[35m (0.1ms)[0m  [1m[36mbegin transaction[0m
  [1m[36mDoctor Create (0.5ms)[0m  [1m[32mINSERT INTO "doctors" ("first_name", "last_name", "zip_code", "created_at", "updated_at", "city_id") VALUES (?, ?, ?, ?, ?, ?)[0m  [["first_name", "Alejandro"], ["last_name", "Runte"], ["zip_code", "43678"], ["created_at", "2019-10-24 16:33:05.579998"], ["updated_at", "2019-10-24 16:33:05.579998"], ["city_id", 2]]
  [1m[35m (1.3ms)[0m  [1m[36mcommit transaction[0m
  [1m[35m (0.9ms)[0m  [1m[34mSELECT sqlite_version(*)[0m
  [1m[35m (0.2ms)[0m  [1m[34mSELECT "schema_migrations"."version" FROM "schema_migrations" ORDER BY "schema_migrations"."version" ASC[0m
  [1m[36mActiveRecord::InternalMetadata Load (0.1ms)[0m  [1m[34mSELECT "ar_internal_metadata".* FROM "ar_internal_metadata" WHERE "ar_internal_metadata"."key" = ? LIMIT ?[0m  [["key", "environment"], ["LIMIT", 1]]
  [1m[35m (0.1ms)[0m  [1m[34mSELECT sqlite_version(*)[0m
  [1m[35m (0.1ms)[0m  [1m[34mSELECT "schema_migrations"."version" FROM "schema_migrations" ORDER BY "schema_migrations"."version" ASC[0m
  [1m[35m (1.4ms)[0m  [1m[34mSELECT sqlite_version(*)[0m
  [1m[35m (0.8ms)[0m  [1m[34mSELECT "schema_migrations"."version" FROM "schema_migrations" ORDER BY "schema_migrations"."version" ASC[0m
  [1m[35m (0.1ms)[0m  [1m[34mSELECT sqlite_version(*)[0m
  [1m[36mCity Load (0.9ms)[0m  [1m[34mSELECT "cities".* FROM "cities"[0m
  [1m[35m (0.1ms)[0m  [1m[36mbegin transaction[0m
  [1m[36mCity Destroy (2.9ms)[0m  [1m[31mDELETE FROM "cities" WHERE "cities"."id" = ?[0m  [["id", 2]]
  [1m[35m (1.2ms)[0m  [1m[31mrollback transaction[0m
  [1m[35m (1.3ms)[0m  [1m[34mSELECT sqlite_version(*)[0m
  [1m[36mDoctor Load (1.1ms)[0m  [1m[34mSELECT "doctors".* FROM "doctors"[0m
  [1m[36mCity Load (1.5ms)[0m  [1m[34mSELECT "cities".* FROM "cities"[0m
  [1m[36mPatient Load (1.4ms)[0m  [1m[34mSELECT "patients".* FROM "patients"[0m
